<?xml version="1.0" encoding="UTF-8"?>
<testng-results skipped="0" failed="0" ignored="0" total="1" passed="1">
  <reporter-output>
  </reporter-output>
  <suite name="Default suite" duration-ms="3619" started-at="2020-06-12T09:50:56 IST" finished-at="2020-06-12T09:50:59 IST">
    <groups>
    </groups>
    <test name="Default test" duration-ms="3619" started-at="2020-06-12T09:50:56 IST" finished-at="2020-06-12T09:50:59 IST">
      <class name="Assertion1.Assertion">
        <test-method status="PASS" signature="test()[pri:0, instance:Assertion1.Assertion@7d0587f1]" name="test" duration-ms="3569" started-at="2020-06-12T09:50:56 IST" finished-at="2020-06-12T09:50:59 IST">
          <reporter-output>
          </reporter-output>
        </test-method> <!-- test -->
      </class> <!-- Assertion1.Assertion -->
    </test> <!-- Default test -->
  </suite> <!-- Default suite -->
</testng-results>
